<?xml version="1.0" encoding="UTF-8"?>
<!-- Generated by org.testng.reporters.JUnitReportReporter -->
<testsuite hostname="Logueswar" failures="0" tests="3" name="testCases.TC004_RegistrationDDT" time="6.279" errors="0" timestamp="2025-08-02T07:57:54 IST" skipped="0">
  <testcase classname="testCases.TC004_RegistrationDDT" name="verify_registration" time="2.210"/>
  <testcase classname="testCases.TC004_RegistrationDDT" name="verify_registration" time="1.836"/>
  <testcase classname="testCases.TC004_RegistrationDDT" name="verify_registration" time="2.233"/>
</testsuite> <!-- testCases.TC004_RegistrationDDT -->
