<?xml version="1.0" encoding="UTF-8"?>
<!-- Generated by org.testng.reporters.JUnitReportReporter -->
<testsuite hostname="Logueswar" failures="0" tests="1" name="testCases.TC001_AccountRegistrationTest" time="2.560" errors="0" timestamp="2025-08-04T08:14:27 IST" skipped="0">
  <testcase classname="testCases.TC001_AccountRegistrationTest" name="test_registration" time="2.560"/>
</testsuite> <!-- testCases.TC001_AccountRegistrationTest -->
