<?xml version="1.0" encoding="UTF-8"?>
<!-- Generated by org.testng.reporters.JUnitReportReporter -->
<testsuite hostname="Logueswar" failures="0" tests="1" name="testCases.AccountRegistrationTest" time="2.191" errors="0" timestamp="2025-07-31T11:34:56 IST" skipped="0">
  <testcase classname="testCases.AccountRegistrationTest" name="test_registration" time="2.191"/>
</testsuite> <!-- testCases.AccountRegistrationTest -->
