<?xml version="1.0" encoding="UTF-8"?>
<!-- Generated by org.testng.reporters.JUnitReportReporter -->
<testsuite hostname="Logueswar" failures="0" tests="1" name="testCases.TC001_AccountRegistrationTest" time="2.531" errors="0" timestamp="2025-08-11T07:03:49 IST" skipped="0">
  <testcase classname="testCases.TC001_AccountRegistrationTest" name="test_registration" time="2.531"/>
</testsuite> <!-- testCases.TC001_AccountRegistrationTest -->
